# Logfile created on 2015-11-18 22:28:56 -0400 by logger.rb/41954
D, [2015-11-18T22:28:56.972906 #28176] DEBUG -- : REQUESTING PAGE: GET / with {} and HTTP headers {}
D, [2015-11-18T22:28:57.153377 #28176] DEBUG -- : REQUESTING PAGE: GET / with {} and HTTP headers {}
D, [2015-11-18T22:28:57.156980 #28176] DEBUG -- : REQUESTING PAGE: GET /jugar with {"jugar"=>"jugar"} and HTTP headers {"HTTP_REFERER"=>"/"}
D, [2015-11-18T22:28:57.159026 #28176] DEBUG -- : REQUESTING PAGE: GET / with {} and HTTP headers {}
D, [2015-11-18T22:28:57.161696 #28176] DEBUG -- : REQUESTING PAGE: GET /jugar with {} and HTTP headers {}
D, [2015-11-18T22:38:34.869389 #28206] DEBUG -- : REQUESTING PAGE: GET / with {} and HTTP headers {}
D, [2015-11-18T22:38:34.904436 #28206] DEBUG -- : REQUESTING PAGE: GET / with {} and HTTP headers {}
D, [2015-11-18T22:38:34.907069 #28206] DEBUG -- : REQUESTING PAGE: GET /jugar with {"jugar"=>"jugar"} and HTTP headers {"HTTP_REFERER"=>"/"}
D, [2015-11-18T22:38:34.909393 #28206] DEBUG -- : REQUESTING PAGE: GET / with {} and HTTP headers {}
D, [2015-11-18T22:38:34.912949 #28206] DEBUG -- : REQUESTING PAGE: GET /jugar with {} and HTTP headers {}
D, [2015-11-18T22:48:42.712427 #28260] DEBUG -- : REQUESTING PAGE: GET / with {} and HTTP headers {}
D, [2015-11-18T22:48:42.747376 #28260] DEBUG -- : REQUESTING PAGE: GET / with {} and HTTP headers {}
D, [2015-11-18T22:48:42.749988 #28260] DEBUG -- : REQUESTING PAGE: GET /jugar with {"jugar"=>"jugar"} and HTTP headers {"HTTP_REFERER"=>"/"}
D, [2015-11-18T22:48:42.752272 #28260] DEBUG -- : REQUESTING PAGE: GET / with {} and HTTP headers {}
D, [2015-11-18T22:48:42.755922 #28260] DEBUG -- : REQUESTING PAGE: GET /jugar with {} and HTTP headers {}
D, [2015-11-18T22:49:44.668695 #28265] DEBUG -- : REQUESTING PAGE: GET / with {} and HTTP headers {}
D, [2015-11-18T22:49:44.704040 #28265] DEBUG -- : REQUESTING PAGE: GET / with {} and HTTP headers {}
D, [2015-11-18T22:49:44.706835 #28265] DEBUG -- : REQUESTING PAGE: GET /jugar with {"jugar"=>"jugar"} and HTTP headers {"HTTP_REFERER"=>"/"}
D, [2015-11-18T22:49:44.709082 #28265] DEBUG -- : REQUESTING PAGE: GET / with {} and HTTP headers {}
D, [2015-11-18T22:49:44.712359 #28265] DEBUG -- : REQUESTING PAGE: GET /jugar with {} and HTTP headers {}
D, [2015-11-18T22:51:02.492496 #28270] DEBUG -- : REQUESTING PAGE: GET / with {} and HTTP headers {}
D, [2015-11-18T22:51:02.527143 #28270] DEBUG -- : REQUESTING PAGE: GET / with {} and HTTP headers {}
D, [2015-11-18T22:51:02.529781 #28270] DEBUG -- : REQUESTING PAGE: GET /jugar with {"jugar"=>"jugar"} and HTTP headers {"HTTP_REFERER"=>"/"}
D, [2015-11-18T22:51:02.532095 #28270] DEBUG -- : REQUESTING PAGE: GET / with {} and HTTP headers {}
D, [2015-11-18T22:51:02.535396 #28270] DEBUG -- : REQUESTING PAGE: GET /jugar with {} and HTTP headers {}
D, [2015-11-18T22:54:18.293326 #28281] DEBUG -- : REQUESTING PAGE: GET / with {} and HTTP headers {}
D, [2015-11-18T22:54:18.328440 #28281] DEBUG -- : REQUESTING PAGE: GET / with {} and HTTP headers {}
D, [2015-11-18T22:54:18.331175 #28281] DEBUG -- : REQUESTING PAGE: GET /jugar with {"jugar"=>"jugar"} and HTTP headers {"HTTP_REFERER"=>"/"}
D, [2015-11-18T22:54:18.333381 #28281] DEBUG -- : REQUESTING PAGE: GET / with {} and HTTP headers {}
D, [2015-11-18T22:54:18.336415 #28281] DEBUG -- : REQUESTING PAGE: GET /jugar with {} and HTTP headers {}
D, [2015-11-18T22:56:55.102931 #28289] DEBUG -- : REQUESTING PAGE: GET / with {} and HTTP headers {}
D, [2015-11-18T22:56:55.138079 #28289] DEBUG -- : REQUESTING PAGE: GET / with {} and HTTP headers {}
D, [2015-11-18T22:56:55.140713 #28289] DEBUG -- : REQUESTING PAGE: GET /jugar with {"jugar"=>"jugar"} and HTTP headers {"HTTP_REFERER"=>"/"}
D, [2015-11-18T22:56:55.142902 #28289] DEBUG -- : REQUESTING PAGE: GET / with {} and HTTP headers {}
D, [2015-11-18T22:56:55.145700 #28289] DEBUG -- : REQUESTING PAGE: GET /jugar with {} and HTTP headers {}
D, [2015-11-18T22:57:21.083154 #28292] DEBUG -- : REQUESTING PAGE: GET / with {} and HTTP headers {}
D, [2015-11-18T22:57:21.118232 #28292] DEBUG -- : REQUESTING PAGE: GET / with {} and HTTP headers {}
D, [2015-11-18T22:57:21.120943 #28292] DEBUG -- : REQUESTING PAGE: GET /jugar with {"jugar"=>"jugar"} and HTTP headers {"HTTP_REFERER"=>"/"}
D, [2015-11-18T22:57:21.123145 #28292] DEBUG -- : REQUESTING PAGE: GET / with {} and HTTP headers {}
D, [2015-11-18T22:57:21.125926 #28292] DEBUG -- : REQUESTING PAGE: GET /jugar with {} and HTTP headers {}
D, [2015-11-18T22:58:05.797378 #28295] DEBUG -- : REQUESTING PAGE: GET / with {} and HTTP headers {}
D, [2015-11-18T22:58:05.832774 #28295] DEBUG -- : REQUESTING PAGE: GET / with {} and HTTP headers {}
D, [2015-11-18T22:58:05.835472 #28295] DEBUG -- : REQUESTING PAGE: GET /jugar with {"jugar"=>"jugar"} and HTTP headers {"HTTP_REFERER"=>"/"}
D, [2015-11-18T22:58:05.837675 #28295] DEBUG -- : REQUESTING PAGE: GET / with {} and HTTP headers {}
D, [2015-11-18T22:58:05.840595 #28295] DEBUG -- : REQUESTING PAGE: GET /jugar with {} and HTTP headers {}
D, [2015-11-18T22:59:36.424191 #28302] DEBUG -- : REQUESTING PAGE: GET / with {} and HTTP headers {}
D, [2015-11-18T22:59:36.459528 #28302] DEBUG -- : REQUESTING PAGE: GET / with {} and HTTP headers {}
D, [2015-11-18T22:59:36.462226 #28302] DEBUG -- : REQUESTING PAGE: GET /jugar with {"jugar"=>"jugar"} and HTTP headers {"HTTP_REFERER"=>"/"}
D, [2015-11-18T22:59:36.464606 #28302] DEBUG -- : REQUESTING PAGE: GET / with {} and HTTP headers {}
D, [2015-11-18T22:59:36.467654 #28302] DEBUG -- : REQUESTING PAGE: GET /jugar with {} and HTTP headers {}
D, [2015-11-18T23:00:21.761588 #28309] DEBUG -- : REQUESTING PAGE: GET / with {} and HTTP headers {}
D, [2015-11-18T23:00:21.796588 #28309] DEBUG -- : REQUESTING PAGE: GET / with {} and HTTP headers {}
D, [2015-11-18T23:00:21.799185 #28309] DEBUG -- : REQUESTING PAGE: GET /jugar with {"jugar"=>"jugar"} and HTTP headers {"HTTP_REFERER"=>"/"}
D, [2015-11-18T23:00:21.801312 #28309] DEBUG -- : REQUESTING PAGE: GET / with {} and HTTP headers {}
D, [2015-11-18T23:00:21.804067 #28309] DEBUG -- : REQUESTING PAGE: GET /jugar with {} and HTTP headers {}
D, [2015-11-18T23:01:14.081860 #28314] DEBUG -- : REQUESTING PAGE: GET / with {} and HTTP headers {}
D, [2015-11-18T23:01:14.117105 #28314] DEBUG -- : REQUESTING PAGE: GET / with {} and HTTP headers {}
D, [2015-11-18T23:01:14.119798 #28314] DEBUG -- : REQUESTING PAGE: GET /jugar with {"jugar"=>"jugar"} and HTTP headers {"HTTP_REFERER"=>"/"}
D, [2015-11-18T23:01:14.121991 #28314] DEBUG -- : REQUESTING PAGE: GET / with {} and HTTP headers {}
D, [2015-11-18T23:01:14.124809 #28314] DEBUG -- : REQUESTING PAGE: GET /jugar with {} and HTTP headers {}
D, [2015-11-18T23:01:55.252215 #28318] DEBUG -- : REQUESTING PAGE: GET / with {} and HTTP headers {}
D, [2015-11-18T23:01:55.288398 #28318] DEBUG -- : REQUESTING PAGE: GET / with {} and HTTP headers {}
D, [2015-11-18T23:01:55.291045 #28318] DEBUG -- : REQUESTING PAGE: GET /jugar with {"jugar"=>"jugar"} and HTTP headers {"HTTP_REFERER"=>"/"}
D, [2015-11-18T23:01:55.293150 #28318] DEBUG -- : REQUESTING PAGE: GET / with {} and HTTP headers {}
D, [2015-11-18T23:01:55.295864 #28318] DEBUG -- : REQUESTING PAGE: GET /jugar with {} and HTTP headers {}
D, [2015-11-18T23:09:04.914621 #28338] DEBUG -- : REQUESTING PAGE: GET / with {} and HTTP headers {}
D, [2015-11-18T23:09:04.949509 #28338] DEBUG -- : REQUESTING PAGE: GET / with {} and HTTP headers {}
D, [2015-11-18T23:09:04.952081 #28338] DEBUG -- : REQUESTING PAGE: GET /jugar with {"jugar"=>"jugar"} and HTTP headers {"HTTP_REFERER"=>"/"}
D, [2015-11-18T23:09:04.954293 #28338] DEBUG -- : REQUESTING PAGE: GET / with {} and HTTP headers {}
D, [2015-11-18T23:09:04.957075 #28338] DEBUG -- : REQUESTING PAGE: GET /jugar with {} and HTTP headers {}
D, [2015-11-18T23:09:40.764774 #28341] DEBUG -- : REQUESTING PAGE: GET / with {} and HTTP headers {}
D, [2015-11-18T23:09:40.804456 #28341] DEBUG -- : REQUESTING PAGE: GET / with {} and HTTP headers {}
D, [2015-11-18T23:09:40.807168 #28341] DEBUG -- : REQUESTING PAGE: GET /jugar with {"jugar"=>"jugar"} and HTTP headers {"HTTP_REFERER"=>"/"}
D, [2015-11-18T23:09:40.809462 #28341] DEBUG -- : REQUESTING PAGE: GET / with {} and HTTP headers {}
D, [2015-11-18T23:09:40.812528 #28341] DEBUG -- : REQUESTING PAGE: GET /jugar with {} and HTTP headers {}
D, [2015-11-18T23:38:11.768643 #28652] DEBUG -- : REQUESTING PAGE: GET / with {} and HTTP headers {}
D, [2015-11-18T23:38:11.921986 #28652] DEBUG -- : REQUESTING PAGE: GET / with {} and HTTP headers {}
D, [2015-11-18T23:38:11.925837 #28652] DEBUG -- : REQUESTING PAGE: GET /jugar with {} and HTTP headers {"HTTP_REFERER"=>"/"}
D, [2015-11-18T23:38:11.928623 #28652] DEBUG -- : REQUESTING PAGE: GET / with {} and HTTP headers {}
D, [2015-11-18T23:38:11.945079 #28652] DEBUG -- : REQUESTING PAGE: GET /jugar with {} and HTTP headers {}
D, [2015-11-18T23:46:16.315866 #28686] DEBUG -- : REQUESTING PAGE: GET / with {} and HTTP headers {}
D, [2015-11-18T23:46:16.370220 #28686] DEBUG -- : REQUESTING PAGE: GET / with {} and HTTP headers {}
D, [2015-11-18T23:46:16.373127 #28686] DEBUG -- : REQUESTING PAGE: GET /jugar with {} and HTTP headers {"HTTP_REFERER"=>"/"}
D, [2015-11-18T23:46:16.375984 #28686] DEBUG -- : REQUESTING PAGE: GET / with {} and HTTP headers {}
D, [2015-11-18T23:46:16.381241 #28686] DEBUG -- : REQUESTING PAGE: GET /jugar with {} and HTTP headers {}
D, [2015-11-18T23:46:56.329836 #28690] DEBUG -- : REQUESTING PAGE: GET / with {} and HTTP headers {}
D, [2015-11-18T23:46:56.384634 #28690] DEBUG -- : REQUESTING PAGE: GET / with {} and HTTP headers {}
D, [2015-11-18T23:46:56.387327 #28690] DEBUG -- : REQUESTING PAGE: GET /jugar with {} and HTTP headers {"HTTP_REFERER"=>"/"}
D, [2015-11-18T23:46:56.390078 #28690] DEBUG -- : REQUESTING PAGE: GET / with {} and HTTP headers {}
D, [2015-11-18T23:46:56.394530 #28690] DEBUG -- : REQUESTING PAGE: GET /jugar with {} and HTTP headers {}
D, [2015-11-18T23:51:53.776752 #28707] DEBUG -- : REQUESTING PAGE: GET / with {} and HTTP headers {}
D, [2015-11-18T23:51:53.832387 #28707] DEBUG -- : REQUESTING PAGE: GET / with {} and HTTP headers {}
D, [2015-11-18T23:51:53.835039 #28707] DEBUG -- : REQUESTING PAGE: GET /jugar with {} and HTTP headers {"HTTP_REFERER"=>"/"}
D, [2015-11-18T23:51:53.837853 #28707] DEBUG -- : REQUESTING PAGE: GET /jugar with {} and HTTP headers {}
D, [2015-11-18T23:55:16.279893 #28720] DEBUG -- : REQUESTING PAGE: GET / with {} and HTTP headers {}
D, [2015-11-18T23:55:16.332980 #28720] DEBUG -- : REQUESTING PAGE: GET / with {} and HTTP headers {}
D, [2015-11-18T23:55:16.335791 #28720] DEBUG -- : REQUESTING PAGE: GET /jugar with {"jugar"=>"jugar"} and HTTP headers {"HTTP_REFERER"=>"/"}
D, [2015-11-18T23:55:16.338631 #28720] DEBUG -- : REQUESTING PAGE: GET /jugar with {} and HTTP headers {}
D, [2015-11-18T23:56:13.707647 #28724] DEBUG -- : REQUESTING PAGE: GET / with {} and HTTP headers {}
D, [2015-11-18T23:56:13.743451 #28724] DEBUG -- : REQUESTING PAGE: GET / with {} and HTTP headers {}
D, [2015-11-18T23:56:13.746426 #28724] DEBUG -- : REQUESTING PAGE: GET /jugar with {"jugar"=>"jugar"} and HTTP headers {"HTTP_REFERER"=>"/"}
D, [2015-11-18T23:56:13.749415 #28724] DEBUG -- : REQUESTING PAGE: GET /jugar with {} and HTTP headers {}
D, [2015-11-18T23:58:08.991348 #28731] DEBUG -- : REQUESTING PAGE: GET / with {} and HTTP headers {}
D, [2015-11-18T23:58:09.026849 #28731] DEBUG -- : REQUESTING PAGE: GET / with {} and HTTP headers {}
D, [2015-11-18T23:58:09.029847 #28731] DEBUG -- : REQUESTING PAGE: GET /jugar with {"jugar"=>"jugar"} and HTTP headers {"HTTP_REFERER"=>"/"}
D, [2015-11-18T23:58:09.032837 #28731] DEBUG -- : REQUESTING PAGE: GET /jugar with {} and HTTP headers {}
D, [2015-11-19T00:00:09.530502 #28739] DEBUG -- : REQUESTING PAGE: GET / with {} and HTTP headers {}
D, [2015-11-19T00:00:09.562307 #28739] DEBUG -- : REQUESTING PAGE: GET /jugar with {"jugar"=>"jugar"} and HTTP headers {"HTTP_REFERER"=>"/"}
D, [2015-11-19T00:00:09.565606 #28739] DEBUG -- : REQUESTING PAGE: GET /jugar with {} and HTTP headers {}
D, [2015-11-19T00:01:30.440469 #28744] DEBUG -- : REQUESTING PAGE: GET / with {} and HTTP headers {}
D, [2015-11-19T00:01:30.472053 #28744] DEBUG -- : REQUESTING PAGE: GET /jugar with {"jugar"=>"jugar"} and HTTP headers {"HTTP_REFERER"=>"/"}
D, [2015-11-19T00:01:30.475275 #28744] DEBUG -- : REQUESTING PAGE: GET /jugar with {} and HTTP headers {}
D, [2015-11-19T00:01:43.142953 #28747] DEBUG -- : REQUESTING PAGE: GET / with {} and HTTP headers {}
D, [2015-11-19T00:01:43.174600 #28747] DEBUG -- : REQUESTING PAGE: GET /jugar with {"jugar"=>"jugar"} and HTTP headers {"HTTP_REFERER"=>"/"}
D, [2015-11-19T00:01:43.178034 #28747] DEBUG -- : REQUESTING PAGE: GET /jugar with {} and HTTP headers {}
D, [2015-11-19T00:02:10.916719 #28750] DEBUG -- : REQUESTING PAGE: GET / with {} and HTTP headers {}
D, [2015-11-19T00:02:10.948264 #28750] DEBUG -- : REQUESTING PAGE: GET /jugar with {"jugar"=>"jugar"} and HTTP headers {"HTTP_REFERER"=>"/"}
D, [2015-11-19T00:02:10.951616 #28750] DEBUG -- : REQUESTING PAGE: GET /jugar with {} and HTTP headers {}
D, [2015-11-19T00:04:03.393499 #28758] DEBUG -- : REQUESTING PAGE: GET / with {} and HTTP headers {}
D, [2015-11-19T00:04:03.425052 #28758] DEBUG -- : REQUESTING PAGE: GET /jugar with {"jugar"=>"jugar"} and HTTP headers {"HTTP_REFERER"=>"/"}
D, [2015-11-19T00:04:03.426436 #28758] DEBUG -- : REQUESTING PAGE: GET /game with {} and HTTP headers {"HTTP_REFERER"=>"/jugar"}
D, [2015-11-19T00:04:03.428901 #28758] DEBUG -- : REQUESTING PAGE: GET /jugar with {} and HTTP headers {}
D, [2015-11-19T00:06:13.029330 #28767] DEBUG -- : REQUESTING PAGE: GET / with {} and HTTP headers {}
D, [2015-11-19T00:06:13.067385 #28767] DEBUG -- : REQUESTING PAGE: GET /jugar with {} and HTTP headers {}
D, [2015-11-19T00:07:39.179729 #28775] DEBUG -- : REQUESTING PAGE: GET / with {} and HTTP headers {}
D, [2015-11-19T00:07:39.211514 #28775] DEBUG -- : REQUESTING PAGE: GET /jugar with {"jugar"=>"jugar"} and HTTP headers {"HTTP_REFERER"=>"/"}
D, [2015-11-19T00:07:39.212950 #28775] DEBUG -- : REQUESTING PAGE: GET /game with {} and HTTP headers {"HTTP_REFERER"=>"/jugar"}
D, [2015-11-19T00:07:39.215637 #28775] DEBUG -- : REQUESTING PAGE: GET /jugar with {} and HTTP headers {}
D, [2015-11-19T00:08:12.490962 #28779] DEBUG -- : REQUESTING PAGE: GET / with {} and HTTP headers {}
D, [2015-11-19T00:08:12.526050 #28779] DEBUG -- : REQUESTING PAGE: GET / with {} and HTTP headers {}
D, [2015-11-19T00:08:12.528888 #28779] DEBUG -- : REQUESTING PAGE: GET /jugar with {"jugar"=>"jugar"} and HTTP headers {"HTTP_REFERER"=>"/"}
D, [2015-11-19T00:08:12.530237 #28779] DEBUG -- : REQUESTING PAGE: GET /game with {} and HTTP headers {"HTTP_REFERER"=>"/jugar"}
D, [2015-11-19T00:08:12.532647 #28779] DEBUG -- : REQUESTING PAGE: GET /jugar with {} and HTTP headers {}
D, [2015-11-19T00:09:04.819179 #28784] DEBUG -- : REQUESTING PAGE: GET / with {} and HTTP headers {}
D, [2015-11-19T00:09:04.855430 #28784] DEBUG -- : REQUESTING PAGE: GET / with {} and HTTP headers {}
D, [2015-11-19T00:09:04.858352 #28784] DEBUG -- : REQUESTING PAGE: GET /jugar with {"jugar"=>"jugar"} and HTTP headers {"HTTP_REFERER"=>"/"}
D, [2015-11-19T00:09:04.859706 #28784] DEBUG -- : REQUESTING PAGE: GET /game with {} and HTTP headers {"HTTP_REFERER"=>"/jugar"}
D, [2015-11-19T00:09:04.862105 #28784] DEBUG -- : REQUESTING PAGE: GET /jugar with {} and HTTP headers {}
D, [2015-11-19T00:09:47.966524 #28789] DEBUG -- : REQUESTING PAGE: GET / with {} and HTTP headers {}
D, [2015-11-19T00:09:48.001770 #28789] DEBUG -- : REQUESTING PAGE: GET / with {} and HTTP headers {}
D, [2015-11-19T00:09:48.004719 #28789] DEBUG -- : REQUESTING PAGE: GET /jugar with {"jugar"=>"jugar"} and HTTP headers {"HTTP_REFERER"=>"/"}
D, [2015-11-19T00:09:48.006098 #28789] DEBUG -- : REQUESTING PAGE: GET /game with {} and HTTP headers {"HTTP_REFERER"=>"/jugar"}
D, [2015-11-19T00:09:48.008598 #28789] DEBUG -- : REQUESTING PAGE: GET /jugar with {} and HTTP headers {}
D, [2015-11-19T00:12:00.830813 #28804] DEBUG -- : REQUESTING PAGE: GET / with {} and HTTP headers {}
D, [2015-11-19T00:12:00.863963 #28804] DEBUG -- : REQUESTING PAGE: GET / with {} and HTTP headers {}
D, [2015-11-19T00:12:00.866844 #28804] DEBUG -- : REQUESTING PAGE: GET /jugar with {"jugar"=>"jugar"} and HTTP headers {"HTTP_REFERER"=>"/"}
D, [2015-11-19T00:12:00.868185 #28804] DEBUG -- : REQUESTING PAGE: GET /game with {} and HTTP headers {"HTTP_REFERER"=>"/jugar"}
D, [2015-11-19T00:12:00.870773 #28804] DEBUG -- : REQUESTING PAGE: GET /jugar with {} and HTTP headers {}
D, [2015-11-19T00:16:07.647768 #28834] DEBUG -- : REQUESTING PAGE: GET / with {} and HTTP headers {}
D, [2015-11-19T00:16:07.680725 #28834] DEBUG -- : REQUESTING PAGE: GET / with {} and HTTP headers {}
D, [2015-11-19T00:16:07.683646 #28834] DEBUG -- : REQUESTING PAGE: GET /jugar with {"jugar"=>"jugar"} and HTTP headers {"HTTP_REFERER"=>"/"}
D, [2015-11-19T00:16:07.685012 #28834] DEBUG -- : REQUESTING PAGE: GET /game with {} and HTTP headers {"HTTP_REFERER"=>"/jugar"}
D, [2015-11-19T00:16:07.687536 #28834] DEBUG -- : REQUESTING PAGE: GET /jugar with {} and HTTP headers {}
D, [2015-11-19T00:17:23.861813 #28841] DEBUG -- : REQUESTING PAGE: GET / with {} and HTTP headers {}
D, [2015-11-19T00:17:23.895016 #28841] DEBUG -- : REQUESTING PAGE: GET / with {} and HTTP headers {}
D, [2015-11-19T00:17:23.897856 #28841] DEBUG -- : REQUESTING PAGE: GET /jugar with {"jugar"=>"jugar"} and HTTP headers {"HTTP_REFERER"=>"/"}
D, [2015-11-19T00:17:23.899201 #28841] DEBUG -- : REQUESTING PAGE: GET /game with {} and HTTP headers {"HTTP_REFERER"=>"/jugar"}
D, [2015-11-19T00:17:23.901806 #28841] DEBUG -- : REQUESTING PAGE: GET /jugar with {} and HTTP headers {}
D, [2015-11-19T00:18:38.025120 #28851] DEBUG -- : REQUESTING PAGE: GET / with {} and HTTP headers {}
D, [2015-11-19T00:18:38.057119 #28851] DEBUG -- : REQUESTING PAGE: GET / with {} and HTTP headers {}
D, [2015-11-19T00:18:38.059920 #28851] DEBUG -- : REQUESTING PAGE: GET /jugar with {"jugar"=>"jugar"} and HTTP headers {"HTTP_REFERER"=>"/"}
D, [2015-11-19T00:18:38.061271 #28851] DEBUG -- : REQUESTING PAGE: GET /game with {} and HTTP headers {"HTTP_REFERER"=>"/jugar"}
D, [2015-11-19T00:18:38.063753 #28851] DEBUG -- : REQUESTING PAGE: GET /jugar with {} and HTTP headers {}
D, [2015-11-19T00:18:49.998327 #28855] DEBUG -- : REQUESTING PAGE: GET / with {} and HTTP headers {}
D, [2015-11-19T00:18:50.031115 #28855] DEBUG -- : REQUESTING PAGE: GET / with {} and HTTP headers {}
D, [2015-11-19T00:18:50.034012 #28855] DEBUG -- : REQUESTING PAGE: GET /jugar with {"jugar"=>"jugar"} and HTTP headers {"HTTP_REFERER"=>"/"}
D, [2015-11-19T00:18:50.035437 #28855] DEBUG -- : REQUESTING PAGE: GET /game with {} and HTTP headers {"HTTP_REFERER"=>"/jugar"}
D, [2015-11-19T00:18:50.037765 #28855] DEBUG -- : REQUESTING PAGE: GET /jugar with {} and HTTP headers {}
D, [2015-11-19T00:20:08.574716 #28862] DEBUG -- : REQUESTING PAGE: GET / with {} and HTTP headers {}
D, [2015-11-19T00:20:08.606900 #28862] DEBUG -- : REQUESTING PAGE: GET / with {} and HTTP headers {}
D, [2015-11-19T00:20:08.609826 #28862] DEBUG -- : REQUESTING PAGE: GET /jugar with {"jugar"=>"jugar"} and HTTP headers {"HTTP_REFERER"=>"/"}
D, [2015-11-19T00:20:08.611175 #28862] DEBUG -- : REQUESTING PAGE: GET /game with {} and HTTP headers {"HTTP_REFERER"=>"/jugar"}
D, [2015-11-19T00:20:08.613777 #28862] DEBUG -- : REQUESTING PAGE: GET /jugar with {} and HTTP headers {}
D, [2015-11-19T00:20:32.424132 #28867] DEBUG -- : REQUESTING PAGE: GET / with {} and HTTP headers {}
D, [2015-11-19T00:20:32.456584 #28867] DEBUG -- : REQUESTING PAGE: GET / with {} and HTTP headers {}
D, [2015-11-19T00:20:32.459329 #28867] DEBUG -- : REQUESTING PAGE: GET /jugar with {"jugar"=>"jugar"} and HTTP headers {"HTTP_REFERER"=>"/"}
D, [2015-11-19T00:20:32.460678 #28867] DEBUG -- : REQUESTING PAGE: GET /game with {} and HTTP headers {"HTTP_REFERER"=>"/jugar"}
D, [2015-11-19T00:20:32.463223 #28867] DEBUG -- : REQUESTING PAGE: GET /jugar with {} and HTTP headers {}
D, [2015-11-19T00:22:48.578203 #28880] DEBUG -- : REQUESTING PAGE: GET / with {} and HTTP headers {}
D, [2015-11-19T00:22:48.698406 #28880] DEBUG -- : REQUESTING PAGE: GET / with {} and HTTP headers {}
D, [2015-11-19T00:22:48.701392 #28880] DEBUG -- : REQUESTING PAGE: GET /jugar with {"jugar"=>"jugar"} and HTTP headers {"HTTP_REFERER"=>"/"}
D, [2015-11-19T00:22:48.702717 #28880] DEBUG -- : REQUESTING PAGE: GET /game with {} and HTTP headers {"HTTP_REFERER"=>"/jugar"}
D, [2015-11-19T00:22:48.705142 #28880] DEBUG -- : REQUESTING PAGE: GET /jugar with {} and HTTP headers {}
D, [2015-11-19T00:23:12.514790 #28884] DEBUG -- : REQUESTING PAGE: GET / with {} and HTTP headers {}
D, [2015-11-19T00:23:12.547142 #28884] DEBUG -- : REQUESTING PAGE: GET / with {} and HTTP headers {}
D, [2015-11-19T00:23:12.549992 #28884] DEBUG -- : REQUESTING PAGE: GET /jugar with {"jugar"=>"jugar"} and HTTP headers {"HTTP_REFERER"=>"/"}
D, [2015-11-19T00:23:12.551336 #28884] DEBUG -- : REQUESTING PAGE: GET /game with {} and HTTP headers {"HTTP_REFERER"=>"/jugar"}
D, [2015-11-19T00:23:12.553858 #28884] DEBUG -- : REQUESTING PAGE: GET /jugar with {} and HTTP headers {}
D, [2015-11-19T00:23:54.194609 #28888] DEBUG -- : REQUESTING PAGE: GET / with {} and HTTP headers {}
D, [2015-11-19T00:23:54.289206 #28888] DEBUG -- : REQUESTING PAGE: GET / with {} and HTTP headers {}
D, [2015-11-19T00:23:54.292143 #28888] DEBUG -- : REQUESTING PAGE: GET /jugar with {"jugar"=>"jugar"} and HTTP headers {"HTTP_REFERER"=>"/"}
D, [2015-11-19T00:23:54.293432 #28888] DEBUG -- : REQUESTING PAGE: GET /game with {} and HTTP headers {"HTTP_REFERER"=>"/jugar"}
D, [2015-11-19T00:23:54.295800 #28888] DEBUG -- : REQUESTING PAGE: GET /jugar with {} and HTTP headers {}
D, [2015-11-19T00:31:40.615968 #28916] DEBUG -- : REQUESTING PAGE: GET / with {} and HTTP headers {}
D, [2015-11-19T00:31:40.649058 #28916] DEBUG -- : REQUESTING PAGE: GET / with {} and HTTP headers {}
D, [2015-11-19T00:31:40.652059 #28916] DEBUG -- : REQUESTING PAGE: GET /jugar with {"jugar"=>"jugar"} and HTTP headers {"HTTP_REFERER"=>"/"}
D, [2015-11-19T00:31:40.653446 #28916] DEBUG -- : REQUESTING PAGE: GET /game with {} and HTTP headers {"HTTP_REFERER"=>"/jugar"}
D, [2015-11-19T00:31:40.655784 #28916] DEBUG -- : REQUESTING PAGE: GET /jugar with {} and HTTP headers {}
D, [2015-11-19T00:32:45.153807 #28923] DEBUG -- : REQUESTING PAGE: GET / with {} and HTTP headers {}
D, [2015-11-19T00:32:45.185828 #28923] DEBUG -- : REQUESTING PAGE: GET / with {} and HTTP headers {}
D, [2015-11-19T00:32:45.188695 #28923] DEBUG -- : REQUESTING PAGE: GET /jugar with {"jugar"=>"jugar"} and HTTP headers {"HTTP_REFERER"=>"/"}
D, [2015-11-19T00:32:45.190065 #28923] DEBUG -- : REQUESTING PAGE: GET /game with {} and HTTP headers {"HTTP_REFERER"=>"/jugar"}
D, [2015-11-19T00:32:45.192516 #28923] DEBUG -- : REQUESTING PAGE: GET /jugar with {} and HTTP headers {}
D, [2015-11-19T00:34:40.248210 #28935] DEBUG -- : REQUESTING PAGE: GET / with {} and HTTP headers {}
D, [2015-11-19T00:34:40.280925 #28935] DEBUG -- : REQUESTING PAGE: GET / with {} and HTTP headers {}
D, [2015-11-19T00:34:40.283934 #28935] DEBUG -- : REQUESTING PAGE: GET /jugar with {"jugar"=>"jugar"} and HTTP headers {"HTTP_REFERER"=>"/"}
D, [2015-11-19T00:34:40.285381 #28935] DEBUG -- : REQUESTING PAGE: GET /game with {} and HTTP headers {"HTTP_REFERER"=>"/jugar"}
D, [2015-11-19T00:34:40.289412 #28935] DEBUG -- : REQUESTING PAGE: GET /jugar with {} and HTTP headers {}
D, [2015-11-19T00:34:55.627367 #28938] DEBUG -- : REQUESTING PAGE: GET / with {} and HTTP headers {}
D, [2015-11-19T00:34:55.659672 #28938] DEBUG -- : REQUESTING PAGE: GET / with {} and HTTP headers {}
D, [2015-11-19T00:34:55.662648 #28938] DEBUG -- : REQUESTING PAGE: GET /jugar with {"jugar"=>"jugar"} and HTTP headers {"HTTP_REFERER"=>"/"}
D, [2015-11-19T00:34:55.664098 #28938] DEBUG -- : REQUESTING PAGE: GET /game with {} and HTTP headers {"HTTP_REFERER"=>"/jugar"}
D, [2015-11-19T00:34:55.666367 #28938] DEBUG -- : REQUESTING PAGE: GET / with {} and HTTP headers {}
D, [2015-11-19T00:34:55.669292 #28938] DEBUG -- : REQUESTING PAGE: GET /jugar with {} and HTTP headers {}
D, [2015-11-19T00:35:58.839845 #28944] DEBUG -- : REQUESTING PAGE: GET / with {} and HTTP headers {}
D, [2015-11-19T00:35:58.872032 #28944] DEBUG -- : REQUESTING PAGE: GET / with {} and HTTP headers {}
D, [2015-11-19T00:35:58.874863 #28944] DEBUG -- : REQUESTING PAGE: GET /jugar with {"jugar"=>"jugar"} and HTTP headers {"HTTP_REFERER"=>"/"}
D, [2015-11-19T00:35:58.876290 #28944] DEBUG -- : REQUESTING PAGE: GET /game with {} and HTTP headers {"HTTP_REFERER"=>"/jugar"}
D, [2015-11-19T00:35:58.878605 #28944] DEBUG -- : REQUESTING PAGE: GET / with {} and HTTP headers {}
D, [2015-11-19T00:35:58.881331 #28944] DEBUG -- : REQUESTING PAGE: GET /jugar with {} and HTTP headers {}
